Determining if the pthread_create exist failed with the following output:
Change Dir: /home/cj/isaac-sim-prj/git_clone/Isaac-Sim-Warehouse/LottiNavigation/build/CMakeFiles/CMakeTmp

Run Build Command:"/usr/bin/make" "cmTC_62eb1/fast"
/usr/bin/make -f CMakeFiles/cmTC_62eb1.dir/build.make CMakeFiles/cmTC_62eb1.dir/build
make[1]: Entering directory '/home/cj/isaac-sim-prj/git_clone/Isaac-Sim-Warehouse/LottiNavigation/build/CMakeFiles/CMakeTmp'
Building C object CMakeFiles/cmTC_62eb1.dir/CheckSymbolExists.c.o
/usr/bin/cc    -o CMakeFiles/cmTC_62eb1.dir/CheckSymbolExists.c.o   -c /home/cj/isaac-sim-prj/git_clone/Isaac-Sim-Warehouse/LottiNavigation/build/CMakeFiles/CMakeTmp/CheckSymbolExists.c
Linking C executable cmTC_62eb1
/usr/bin/cmake -E cmake_link_script CMakeFiles/cmTC_62eb1.dir/link.txt --verbose=1
/usr/bin/cc      -rdynamic CMakeFiles/cmTC_62eb1.dir/CheckSymbolExists.c.o  -o cmTC_62eb1 
CMakeFiles/cmTC_62eb1.dir/CheckSymbolExists.c.o: In function `main':
CheckSymbolExists.c:(.text+0x1b): undefined reference to `pthread_create'
collect2: error: ld returned 1 exit status
CMakeFiles/cmTC_62eb1.dir/build.make:97: recipe for target 'cmTC_62eb1' failed
make[1]: *** [cmTC_62eb1] Error 1
make[1]: Leaving directory '/home/cj/isaac-sim-prj/git_clone/Isaac-Sim-Warehouse/LottiNavigation/build/CMakeFiles/CMakeTmp'
Makefile:126: recipe for target 'cmTC_62eb1/fast' failed
make: *** [cmTC_62eb1/fast] Error 2

File /home/cj/isaac-sim-prj/git_clone/Isaac-Sim-Warehouse/LottiNavigation/build/CMakeFiles/CMakeTmp/CheckSymbolExists.c:
/* */
#include <pthread.h>

int main(int argc, char** argv)
{
  (void)argv;
#ifndef pthread_create
  return ((int*)(&pthread_create))[argc];
#else
  (void)argc;
  return 0;
#endif
}

Determining if the function pthread_create exists in the pthreads failed with the following output:
Change Dir: /home/cj/isaac-sim-prj/git_clone/Isaac-Sim-Warehouse/LottiNavigation/build/CMakeFiles/CMakeTmp

Run Build Command:"/usr/bin/make" "cmTC_a4dfd/fast"
/usr/bin/make -f CMakeFiles/cmTC_a4dfd.dir/build.make CMakeFiles/cmTC_a4dfd.dir/build
make[1]: Entering directory '/home/cj/isaac-sim-prj/git_clone/Isaac-Sim-Warehouse/LottiNavigation/build/CMakeFiles/CMakeTmp'
Building C object CMakeFiles/cmTC_a4dfd.dir/CheckFunctionExists.c.o
/usr/bin/cc   -DCHECK_FUNCTION_EXISTS=pthread_create   -o CMakeFiles/cmTC_a4dfd.dir/CheckFunctionExists.c.o   -c /usr/share/cmake-3.10/Modules/CheckFunctionExists.c
Linking C executable cmTC_a4dfd
/usr/bin/cmake -E cmake_link_script CMakeFiles/cmTC_a4dfd.dir/link.txt --verbose=1
/usr/bin/cc  -DCHECK_FUNCTION_EXISTS=pthread_create    -rdynamic CMakeFiles/cmTC_a4dfd.dir/CheckFunctionExists.c.o  -o cmTC_a4dfd -lpthreads 
/usr/bin/ld: cannot find -lpthreads
collect2: error: ld returned 1 exit status
CMakeFiles/cmTC_a4dfd.dir/build.make:97: recipe for target 'cmTC_a4dfd' failed
make[1]: *** [cmTC_a4dfd] Error 1
make[1]: Leaving directory '/home/cj/isaac-sim-prj/git_clone/Isaac-Sim-Warehouse/LottiNavigation/build/CMakeFiles/CMakeTmp'
Makefile:126: recipe for target 'cmTC_a4dfd/fast' failed
make: *** [cmTC_a4dfd/fast] Error 2


