Determining if the pthread_create exist failed with the following output:
Change Dir: /root/cvbridge_build_ws/build/yolo-pkg/CMakeFiles/CMakeTmp

Run Build Command:"/usr/bin/make" "cmTC_d0dfa/fast"
/usr/bin/make -f CMakeFiles/cmTC_d0dfa.dir/build.make CMakeFiles/cmTC_d0dfa.dir/build
make[1]: Entering directory '/root/cvbridge_build_ws/build/yolo-pkg/CMakeFiles/CMakeTmp'
Building C object CMakeFiles/cmTC_d0dfa.dir/CheckSymbolExists.c.o
/usr/bin/cc    -o CMakeFiles/cmTC_d0dfa.dir/CheckSymbolExists.c.o   -c /root/cvbridge_build_ws/build/yolo-pkg/CMakeFiles/CMakeTmp/CheckSymbolExists.c
Linking C executable cmTC_d0dfa
/usr/bin/cmake -E cmake_link_script CMakeFiles/cmTC_d0dfa.dir/link.txt --verbose=1
/usr/bin/cc      -rdynamic CMakeFiles/cmTC_d0dfa.dir/CheckSymbolExists.c.o  -o cmTC_d0dfa 
CMakeFiles/cmTC_d0dfa.dir/CheckSymbolExists.c.o: In function `main':
CheckSymbolExists.c:(.text+0x1b): undefined reference to `pthread_create'
collect2: error: ld returned 1 exit status
CMakeFiles/cmTC_d0dfa.dir/build.make:97: recipe for target 'cmTC_d0dfa' failed
make[1]: *** [cmTC_d0dfa] Error 1
make[1]: Leaving directory '/root/cvbridge_build_ws/build/yolo-pkg/CMakeFiles/CMakeTmp'
Makefile:126: recipe for target 'cmTC_d0dfa/fast' failed
make: *** [cmTC_d0dfa/fast] Error 2

File /root/cvbridge_build_ws/build/yolo-pkg/CMakeFiles/CMakeTmp/CheckSymbolExists.c:
/* */
#include <pthread.h>

int main(int argc, char** argv)
{
  (void)argv;
#ifndef pthread_create
  return ((int*)(&pthread_create))[argc];
#else
  (void)argc;
  return 0;
#endif
}

Determining if the function pthread_create exists in the pthreads failed with the following output:
Change Dir: /root/cvbridge_build_ws/build/yolo-pkg/CMakeFiles/CMakeTmp

Run Build Command:"/usr/bin/make" "cmTC_8580b/fast"
/usr/bin/make -f CMakeFiles/cmTC_8580b.dir/build.make CMakeFiles/cmTC_8580b.dir/build
make[1]: Entering directory '/root/cvbridge_build_ws/build/yolo-pkg/CMakeFiles/CMakeTmp'
Building C object CMakeFiles/cmTC_8580b.dir/CheckFunctionExists.c.o
/usr/bin/cc   -DCHECK_FUNCTION_EXISTS=pthread_create   -o CMakeFiles/cmTC_8580b.dir/CheckFunctionExists.c.o   -c /usr/share/cmake-3.10/Modules/CheckFunctionExists.c
Linking C executable cmTC_8580b
/usr/bin/cmake -E cmake_link_script CMakeFiles/cmTC_8580b.dir/link.txt --verbose=1
/usr/bin/cc  -DCHECK_FUNCTION_EXISTS=pthread_create    -rdynamic CMakeFiles/cmTC_8580b.dir/CheckFunctionExists.c.o  -o cmTC_8580b -lpthreads 
/usr/bin/ld: cannot find -lpthreads
collect2: error: ld returned 1 exit status
CMakeFiles/cmTC_8580b.dir/build.make:97: recipe for target 'cmTC_8580b' failed
make[1]: *** [cmTC_8580b] Error 1
make[1]: Leaving directory '/root/cvbridge_build_ws/build/yolo-pkg/CMakeFiles/CMakeTmp'
Makefile:126: recipe for target 'cmTC_8580b/fast' failed
make: *** [cmTC_8580b/fast] Error 2


