Determining if the pthread_create exist failed with the following output:
Change Dir: /home/cj/isaac-sim-prj/git_lone/Isaac-Sim-Warehouse/TurtleBotNavigation/nav_ws/build/CMakeFiles/CMakeTmp

Run Build Command:"/usr/bin/make" "cmTC_cbc2e/fast"
/usr/bin/make -f CMakeFiles/cmTC_cbc2e.dir/build.make CMakeFiles/cmTC_cbc2e.dir/build
make[1]: Entering directory '/home/cj/isaac-sim-prj/git_lone/Isaac-Sim-Warehouse/TurtleBotNavigation/nav_ws/build/CMakeFiles/CMakeTmp'
Building C object CMakeFiles/cmTC_cbc2e.dir/CheckSymbolExists.c.o
/usr/bin/cc    -o CMakeFiles/cmTC_cbc2e.dir/CheckSymbolExists.c.o   -c /home/cj/isaac-sim-prj/git_lone/Isaac-Sim-Warehouse/TurtleBotNavigation/nav_ws/build/CMakeFiles/CMakeTmp/CheckSymbolExists.c
Linking C executable cmTC_cbc2e
/usr/bin/cmake -E cmake_link_script CMakeFiles/cmTC_cbc2e.dir/link.txt --verbose=1
/usr/bin/cc      -rdynamic CMakeFiles/cmTC_cbc2e.dir/CheckSymbolExists.c.o  -o cmTC_cbc2e 
CMakeFiles/cmTC_cbc2e.dir/CheckSymbolExists.c.o: In function `main':
CheckSymbolExists.c:(.text+0x1b): undefined reference to `pthread_create'
collect2: error: ld returned 1 exit status
CMakeFiles/cmTC_cbc2e.dir/build.make:97: recipe for target 'cmTC_cbc2e' failed
make[1]: *** [cmTC_cbc2e] Error 1
make[1]: Leaving directory '/home/cj/isaac-sim-prj/git_lone/Isaac-Sim-Warehouse/TurtleBotNavigation/nav_ws/build/CMakeFiles/CMakeTmp'
Makefile:126: recipe for target 'cmTC_cbc2e/fast' failed
make: *** [cmTC_cbc2e/fast] Error 2

File /home/cj/isaac-sim-prj/git_lone/Isaac-Sim-Warehouse/TurtleBotNavigation/nav_ws/build/CMakeFiles/CMakeTmp/CheckSymbolExists.c:
/* */
#include <pthread.h>

int main(int argc, char** argv)
{
  (void)argv;
#ifndef pthread_create
  return ((int*)(&pthread_create))[argc];
#else
  (void)argc;
  return 0;
#endif
}

Determining if the function pthread_create exists in the pthreads failed with the following output:
Change Dir: /home/cj/isaac-sim-prj/git_lone/Isaac-Sim-Warehouse/TurtleBotNavigation/nav_ws/build/CMakeFiles/CMakeTmp

Run Build Command:"/usr/bin/make" "cmTC_dafee/fast"
/usr/bin/make -f CMakeFiles/cmTC_dafee.dir/build.make CMakeFiles/cmTC_dafee.dir/build
make[1]: Entering directory '/home/cj/isaac-sim-prj/git_lone/Isaac-Sim-Warehouse/TurtleBotNavigation/nav_ws/build/CMakeFiles/CMakeTmp'
Building C object CMakeFiles/cmTC_dafee.dir/CheckFunctionExists.c.o
/usr/bin/cc   -DCHECK_FUNCTION_EXISTS=pthread_create   -o CMakeFiles/cmTC_dafee.dir/CheckFunctionExists.c.o   -c /usr/share/cmake-3.10/Modules/CheckFunctionExists.c
Linking C executable cmTC_dafee
/usr/bin/cmake -E cmake_link_script CMakeFiles/cmTC_dafee.dir/link.txt --verbose=1
/usr/bin/cc  -DCHECK_FUNCTION_EXISTS=pthread_create    -rdynamic CMakeFiles/cmTC_dafee.dir/CheckFunctionExists.c.o  -o cmTC_dafee -lpthreads 
/usr/bin/ld: cannot find -lpthreads
collect2: error: ld returned 1 exit status
CMakeFiles/cmTC_dafee.dir/build.make:97: recipe for target 'cmTC_dafee' failed
make[1]: *** [cmTC_dafee] Error 1
make[1]: Leaving directory '/home/cj/isaac-sim-prj/git_lone/Isaac-Sim-Warehouse/TurtleBotNavigation/nav_ws/build/CMakeFiles/CMakeTmp'
Makefile:126: recipe for target 'cmTC_dafee/fast' failed
make: *** [cmTC_dafee/fast] Error 2


