Determining if the pthread_create exist failed with the following output:
Change Dir: /root/cvbridge_build_ws/build/cv_bridge/CMakeFiles/CMakeTmp

Run Build Command:"/usr/bin/make" "cmTC_56559/fast"
/usr/bin/make -f CMakeFiles/cmTC_56559.dir/build.make CMakeFiles/cmTC_56559.dir/build
make[1]: Entering directory '/root/cvbridge_build_ws/build/cv_bridge/CMakeFiles/CMakeTmp'
Building C object CMakeFiles/cmTC_56559.dir/CheckSymbolExists.c.o
/usr/bin/cc    -o CMakeFiles/cmTC_56559.dir/CheckSymbolExists.c.o   -c /root/cvbridge_build_ws/build/cv_bridge/CMakeFiles/CMakeTmp/CheckSymbolExists.c
Linking C executable cmTC_56559
/usr/bin/cmake -E cmake_link_script CMakeFiles/cmTC_56559.dir/link.txt --verbose=1
/usr/bin/cc      -rdynamic CMakeFiles/cmTC_56559.dir/CheckSymbolExists.c.o  -o cmTC_56559 
CMakeFiles/cmTC_56559.dir/CheckSymbolExists.c.o: In function `main':
CheckSymbolExists.c:(.text+0x1b): undefined reference to `pthread_create'
collect2: error: ld returned 1 exit status
CMakeFiles/cmTC_56559.dir/build.make:97: recipe for target 'cmTC_56559' failed
make[1]: *** [cmTC_56559] Error 1
make[1]: Leaving directory '/root/cvbridge_build_ws/build/cv_bridge/CMakeFiles/CMakeTmp'
Makefile:126: recipe for target 'cmTC_56559/fast' failed
make: *** [cmTC_56559/fast] Error 2

File /root/cvbridge_build_ws/build/cv_bridge/CMakeFiles/CMakeTmp/CheckSymbolExists.c:
/* */
#include <pthread.h>

int main(int argc, char** argv)
{
  (void)argv;
#ifndef pthread_create
  return ((int*)(&pthread_create))[argc];
#else
  (void)argc;
  return 0;
#endif
}

Determining if the function pthread_create exists in the pthreads failed with the following output:
Change Dir: /root/cvbridge_build_ws/build/cv_bridge/CMakeFiles/CMakeTmp

Run Build Command:"/usr/bin/make" "cmTC_90ea0/fast"
/usr/bin/make -f CMakeFiles/cmTC_90ea0.dir/build.make CMakeFiles/cmTC_90ea0.dir/build
make[1]: Entering directory '/root/cvbridge_build_ws/build/cv_bridge/CMakeFiles/CMakeTmp'
Building C object CMakeFiles/cmTC_90ea0.dir/CheckFunctionExists.c.o
/usr/bin/cc   -DCHECK_FUNCTION_EXISTS=pthread_create   -o CMakeFiles/cmTC_90ea0.dir/CheckFunctionExists.c.o   -c /usr/share/cmake-3.10/Modules/CheckFunctionExists.c
Linking C executable cmTC_90ea0
/usr/bin/cmake -E cmake_link_script CMakeFiles/cmTC_90ea0.dir/link.txt --verbose=1
/usr/bin/cc  -DCHECK_FUNCTION_EXISTS=pthread_create    -rdynamic CMakeFiles/cmTC_90ea0.dir/CheckFunctionExists.c.o  -o cmTC_90ea0 -lpthreads 
/usr/bin/ld: cannot find -lpthreads
collect2: error: ld returned 1 exit status
CMakeFiles/cmTC_90ea0.dir/build.make:97: recipe for target 'cmTC_90ea0' failed
make[1]: *** [cmTC_90ea0] Error 1
make[1]: Leaving directory '/root/cvbridge_build_ws/build/cv_bridge/CMakeFiles/CMakeTmp'
Makefile:126: recipe for target 'cmTC_90ea0/fast' failed
make: *** [cmTC_90ea0/fast] Error 2


