Determining if the pthread_create exist failed with the following output:
Change Dir: /home/cj/isaac-sim-prj/git_clone/Isaac-Sim-Warehouse/TurtleBotNavigation/lotto_map_ws/build/CMakeFiles/CMakeTmp

Run Build Command:"/usr/bin/make" "cmTC_923d0/fast"
/usr/bin/make -f CMakeFiles/cmTC_923d0.dir/build.make CMakeFiles/cmTC_923d0.dir/build
make[1]: Entering directory '/home/cj/isaac-sim-prj/git_clone/Isaac-Sim-Warehouse/TurtleBotNavigation/lotto_map_ws/build/CMakeFiles/CMakeTmp'
Building C object CMakeFiles/cmTC_923d0.dir/CheckSymbolExists.c.o
/usr/bin/cc    -o CMakeFiles/cmTC_923d0.dir/CheckSymbolExists.c.o   -c /home/cj/isaac-sim-prj/git_clone/Isaac-Sim-Warehouse/TurtleBotNavigation/lotto_map_ws/build/CMakeFiles/CMakeTmp/CheckSymbolExists.c
Linking C executable cmTC_923d0
/usr/bin/cmake -E cmake_link_script CMakeFiles/cmTC_923d0.dir/link.txt --verbose=1
/usr/bin/cc      -rdynamic CMakeFiles/cmTC_923d0.dir/CheckSymbolExists.c.o  -o cmTC_923d0 
CMakeFiles/cmTC_923d0.dir/CheckSymbolExists.c.o: In function `main':
CheckSymbolExists.c:(.text+0x1b): undefined reference to `pthread_create'
collect2: error: ld returned 1 exit status
CMakeFiles/cmTC_923d0.dir/build.make:97: recipe for target 'cmTC_923d0' failed
make[1]: *** [cmTC_923d0] Error 1
make[1]: Leaving directory '/home/cj/isaac-sim-prj/git_clone/Isaac-Sim-Warehouse/TurtleBotNavigation/lotto_map_ws/build/CMakeFiles/CMakeTmp'
Makefile:126: recipe for target 'cmTC_923d0/fast' failed
make: *** [cmTC_923d0/fast] Error 2

File /home/cj/isaac-sim-prj/git_clone/Isaac-Sim-Warehouse/TurtleBotNavigation/lotto_map_ws/build/CMakeFiles/CMakeTmp/CheckSymbolExists.c:
/* */
#include <pthread.h>

int main(int argc, char** argv)
{
  (void)argv;
#ifndef pthread_create
  return ((int*)(&pthread_create))[argc];
#else
  (void)argc;
  return 0;
#endif
}

Determining if the function pthread_create exists in the pthreads failed with the following output:
Change Dir: /home/cj/isaac-sim-prj/git_clone/Isaac-Sim-Warehouse/TurtleBotNavigation/lotto_map_ws/build/CMakeFiles/CMakeTmp

Run Build Command:"/usr/bin/make" "cmTC_b2aee/fast"
/usr/bin/make -f CMakeFiles/cmTC_b2aee.dir/build.make CMakeFiles/cmTC_b2aee.dir/build
make[1]: Entering directory '/home/cj/isaac-sim-prj/git_clone/Isaac-Sim-Warehouse/TurtleBotNavigation/lotto_map_ws/build/CMakeFiles/CMakeTmp'
Building C object CMakeFiles/cmTC_b2aee.dir/CheckFunctionExists.c.o
/usr/bin/cc   -DCHECK_FUNCTION_EXISTS=pthread_create   -o CMakeFiles/cmTC_b2aee.dir/CheckFunctionExists.c.o   -c /usr/share/cmake-3.10/Modules/CheckFunctionExists.c
Linking C executable cmTC_b2aee
/usr/bin/cmake -E cmake_link_script CMakeFiles/cmTC_b2aee.dir/link.txt --verbose=1
/usr/bin/cc  -DCHECK_FUNCTION_EXISTS=pthread_create    -rdynamic CMakeFiles/cmTC_b2aee.dir/CheckFunctionExists.c.o  -o cmTC_b2aee -lpthreads 
/usr/bin/ld: cannot find -lpthreads
collect2: error: ld returned 1 exit status
CMakeFiles/cmTC_b2aee.dir/build.make:97: recipe for target 'cmTC_b2aee' failed
make[1]: *** [cmTC_b2aee] Error 1
make[1]: Leaving directory '/home/cj/isaac-sim-prj/git_clone/Isaac-Sim-Warehouse/TurtleBotNavigation/lotto_map_ws/build/CMakeFiles/CMakeTmp'
Makefile:126: recipe for target 'cmTC_b2aee/fast' failed
make: *** [cmTC_b2aee/fast] Error 2


