Determining if the pthread_create exist failed with the following output:
Change Dir: /root/cvbridge_build_ws/build/catkin_tools_prebuild/CMakeFiles/CMakeTmp

Run Build Command:"/usr/bin/make" "cmTC_77bf9/fast"
/usr/bin/make -f CMakeFiles/cmTC_77bf9.dir/build.make CMakeFiles/cmTC_77bf9.dir/build
make[1]: Entering directory '/root/cvbridge_build_ws/build/catkin_tools_prebuild/CMakeFiles/CMakeTmp'
Building C object CMakeFiles/cmTC_77bf9.dir/CheckSymbolExists.c.o
/usr/bin/cc    -o CMakeFiles/cmTC_77bf9.dir/CheckSymbolExists.c.o   -c /root/cvbridge_build_ws/build/catkin_tools_prebuild/CMakeFiles/CMakeTmp/CheckSymbolExists.c
Linking C executable cmTC_77bf9
/usr/bin/cmake -E cmake_link_script CMakeFiles/cmTC_77bf9.dir/link.txt --verbose=1
/usr/bin/cc      -rdynamic CMakeFiles/cmTC_77bf9.dir/CheckSymbolExists.c.o  -o cmTC_77bf9 
CMakeFiles/cmTC_77bf9.dir/CheckSymbolExists.c.o: In function `main':
CheckSymbolExists.c:(.text+0x1b): undefined reference to `pthread_create'
collect2: error: ld returned 1 exit status
CMakeFiles/cmTC_77bf9.dir/build.make:97: recipe for target 'cmTC_77bf9' failed
make[1]: *** [cmTC_77bf9] Error 1
make[1]: Leaving directory '/root/cvbridge_build_ws/build/catkin_tools_prebuild/CMakeFiles/CMakeTmp'
Makefile:126: recipe for target 'cmTC_77bf9/fast' failed
make: *** [cmTC_77bf9/fast] Error 2

File /root/cvbridge_build_ws/build/catkin_tools_prebuild/CMakeFiles/CMakeTmp/CheckSymbolExists.c:
/* */
#include <pthread.h>

int main(int argc, char** argv)
{
  (void)argv;
#ifndef pthread_create
  return ((int*)(&pthread_create))[argc];
#else
  (void)argc;
  return 0;
#endif
}

Determining if the function pthread_create exists in the pthreads failed with the following output:
Change Dir: /root/cvbridge_build_ws/build/catkin_tools_prebuild/CMakeFiles/CMakeTmp

Run Build Command:"/usr/bin/make" "cmTC_50beb/fast"
/usr/bin/make -f CMakeFiles/cmTC_50beb.dir/build.make CMakeFiles/cmTC_50beb.dir/build
make[1]: Entering directory '/root/cvbridge_build_ws/build/catkin_tools_prebuild/CMakeFiles/CMakeTmp'
Building C object CMakeFiles/cmTC_50beb.dir/CheckFunctionExists.c.o
/usr/bin/cc   -DCHECK_FUNCTION_EXISTS=pthread_create   -o CMakeFiles/cmTC_50beb.dir/CheckFunctionExists.c.o   -c /usr/share/cmake-3.10/Modules/CheckFunctionExists.c
Linking C executable cmTC_50beb
/usr/bin/cmake -E cmake_link_script CMakeFiles/cmTC_50beb.dir/link.txt --verbose=1
/usr/bin/cc  -DCHECK_FUNCTION_EXISTS=pthread_create    -rdynamic CMakeFiles/cmTC_50beb.dir/CheckFunctionExists.c.o  -o cmTC_50beb -lpthreads 
/usr/bin/ld: cannot find -lpthreads
collect2: error: ld returned 1 exit status
CMakeFiles/cmTC_50beb.dir/build.make:97: recipe for target 'cmTC_50beb' failed
make[1]: *** [cmTC_50beb] Error 1
make[1]: Leaving directory '/root/cvbridge_build_ws/build/catkin_tools_prebuild/CMakeFiles/CMakeTmp'
Makefile:126: recipe for target 'cmTC_50beb/fast' failed
make: *** [cmTC_50beb/fast] Error 2


